"Obtaining base time of program"
"bash timer.sh ././thunk 5 200s test.txt"
"Base time is 3.8720002"
"50 generations left"
"Running fitness on all programs"
"bash timer.sh ././thunk 5 8s test.txt"
"bash timer.sh ./files/tmp26718/./thunk 5 8s test.txt"
"bash timer.sh ./files/tmp26719/./thunk 5 8s test.txt"
"bash timer.sh ./files/tmp26720/./thunk 5 8s test.txt"
"bash timer.sh ./files/tmp26721/./thunk 5 8s test.txt"
"bash timer.sh ./files/tmp26722/./thunk 5 8s test.txt"
"Cleaning executables"
"Calculating scores"
[1.8,1.8040001,3.862,3.868,3.8799999]
"Fastest gene: Genes {getStrand = [path: \"files/tmp26720/./thunk\" vec: 2]}"
"Fastest time so far: 1.8 sec"
"2.0720003 sec faster"
"Not fast enough"
"49 generations left"
"Running fitness on all programs"
"Found in cache with time: 3.862"
"Found in cache with time: 3.9739997"
"Found in cache with time: 1.8040001"
"Found in cache with time: 1.8"
"Found in cache with time: 1.8040001"
"Found in cache with time: 1.8040001"
"Found in cache with time: 3.862"
"Found in cache with time: 3.862"
"Found in cache with time: 1.8040001"
"Found in cache with time: 3.9739997"
"Found in cache with time: 1.8"
"Found in cache with time: 1.8040001"
"bash timer.sh ./files/tmp26735/./thunk 5 4s test.txt"
"bash timer.sh ./files/tmp26736/./thunk 5 4s test.txt"
"bash timer.sh ./files/tmp26737/./thunk 5 4s test.txt"
"bash timer.sh ./files/tmp26738/./thunk 5 4s test.txt"
"bash timer.sh ./files/tmp26739/./thunk 5 4s test.txt"
"bash timer.sh ./files/tmp26740/./thunk 5 4s test.txt"
"bash timer.sh ./files/tmp26741/./thunk 5 4s test.txt"
"bash timer.sh ./files/tmp26742/./thunk 5 4s test.txt"
"bash timer.sh ./files/tmp26743/./thunk 5 4s test.txt"
"bash timer.sh ./files/tmp26744/./thunk 5 4s test.txt"
"bash timer.sh ./files/tmp26745/./thunk 5 4s test.txt"
"bash timer.sh ./files/tmp26746/./thunk 5 4s test.txt"
"Found in cache with time: 3.862"
"Found in cache with time: 1.8"
"Found in cache with time: 1.8040001"
"Found in cache with time: 3.9739997"
"Found in cache with time: 1.8"
"Found in cache with time: 3.9739997"
"Found in cache with time: 1.8"
"Found in cache with time: 1.8"
"bash timer.sh ./files/tmp26754/./thunk 5 4s test.txt"
"Found in cache with time: 3.9739997"
"Found in cache with time: 3.9739997"
"Found in cache with time: 1.8"
"Found in cache with time: 1.8040001"
"bash timer.sh ./files/tmp26758/./thunk 5 4s test.txt"
"Found in cache with time: 3.9739997"
"Found in cache with time: 1.8"
"Found in cache with time: 1.8"
"Found in cache with time: 1.8"
"Found in cache with time: 3.862"
"Found in cache with time: 1.8040001"
"Found in cache with time: 1.8040001"
"Found in cache with time: 3.862"
"Found in cache with time: 1.8040001"
"Found in cache with time: 1.8"
"Found in cache with time: 3.862"
"Found in cache with time: 3.862"
"Found in cache with time: 3.862"
"Found in cache with time: 3.9739997"
"Found in cache with time: 1.8040001"
"Found in cache with time: 3.862"
"Found in cache with time: 3.862"
"Found in cache with time: 1.8040001"
"Found in cache with time: 1.8"
"Found in cache with time: 1.8"
"Found in cache with time: 1.8"
"Found in cache with time: 1.8040001"
"Cleaning executables"
"Calculating scores"
[]
"Fastest gene: "
"Fastest time so far: 1.8 sec"
"0.0 sec faster"
"All timeout"
"48 generations left"
"Running fitness on all programs"
"Found in cache with time: 1.8040001"
"Found in cache with time: 1.8"
"Found in cache with time: -1.0"
"Found in cache with time: 3.9739997"
"Found in cache with time: 1.8"
"Found in cache with time: 1.8040001"
"Found in cache with time: 1.8040001"
"Found in cache with time: 3.9739997"
"Found in cache with time: 3.9739997"
"Found in cache with time: 1.8"
"Found in cache with time: 1.8"
"Found in cache with time: 1.8040001"
"Found in cache with time: -1.0"
"bash timer.sh ./files/tmp26791/./thunk 5 4s test.txt"
"Found in cache with time: -1.0"
"Found in cache with time: -1.0"
"Found in cache with time: -1.0"
"Found in cache with time: -1.0"
"Found in cache with time: -1.0"
"Found in cache with time: -1.0"
"Found in cache with time: -1.0"
"bash timer.sh ./files/tmp26799/./thunk 5 4s test.txt"
"bash timer.sh ./files/tmp26800/./thunk 5 4s test.txt"
"bash timer.sh ./files/tmp26801/./thunk 5 4s test.txt"
"Found in cache with time: 1.8040001"
"Found in cache with time: 1.8040001"
"Found in cache with time: 1.8"
"Found in cache with time: -1.0"
"Found in cache with time: 1.8040001"
"Found in cache with time: -1.0"
"Found in cache with time: 1.8"
"Found in cache with time: 1.8040001"
"Found in cache with time: -1.0"
"Found in cache with time: -1.0"
"Found in cache with time: 1.8"
"Found in cache with time: 1.8040001"
"Found in cache with time: 1.8040001"
"Found in cache with time: 1.8"
"Found in cache with time: 1.8040001"
"Found in cache with time: 3.9739997"
"Found in cache with time: 1.8"
"Found in cache with time: -1.0"
"Found in cache with time: 3.862"
"Found in cache with time: 1.8040001"
"Found in cache with time: 3.862"
"Found in cache with time: 1.8040001"
"Found in cache with time: 1.8040001"
"Found in cache with time: 1.8040001"
"Found in cache with time: 3.862"
"Found in cache with time: 1.8040001"
"Found in cache with time: 1.8"
"Found in cache with time: 1.8"
"Found in cache with time: 3.862"
"Found in cache with time: 1.8040001"
"Found in cache with time: 3.862"
"Found in cache with time: 3.9739997"
"Found in cache with time: 3.9739997"
"Found in cache with time: 3.9739997"
"Found in cache with time: 1.8"
"Found in cache with time: 3.862"
"Cleaning executables"
"Calculating scores"
[]
"Fastest gene: "
"Fastest time so far: 1.8 sec"
"0.0 sec faster"
"All timeout"
"47 generations left"
"Running fitness on all programs"
"Found in cache with time: 3.862"
"Found in cache with time: 3.9739997"
"Found in cache with time: 3.9739997"
"Found in cache with time: 3.9739997"
"Found in cache with time: 1.8"
"Found in cache with time: 1.8040001"
"Found in cache with time: 1.8040001"
"Found in cache with time: -1.0"
"Found in cache with time: -1.0"
"Found in cache with time: 1.8040001"
"Found in cache with time: 3.9739997"
"Found in cache with time: 1.8040001"
"Found in cache with time: 1.8040001"
"Found in cache with time: 1.8040001"
"Found in cache with time: 3.9739997"
"Found in cache with time: 3.9739997"
"Found in cache with time: 1.8"
"Found in cache with time: -1.0"
"Found in cache with time: 1.8040001"
"Found in cache with time: 3.9739997"
"Found in cache with time: 1.8040001"
"Found in cache with time: 1.8"
"Found in cache with time: -1.0"
"Found in cache with time: -1.0"
"Found in cache with time: 3.862"
"Found in cache with time: 3.9739997"
"Found in cache with time: 1.8040001"
"Found in cache with time: 1.8040001"
"Found in cache with time: 1.8"
"Found in cache with time: 1.8040001"
"Found in cache with time: 1.8"
"Found in cache with time: 3.9739997"
"Found in cache with time: 1.8040001"
"Found in cache with time: 3.9739997"
"Found in cache with time: 1.8040001"
"Found in cache with time: 3.9739997"
"Found in cache with time: 1.8040001"
"Found in cache with time: -1.0"
"Found in cache with time: 1.8040001"
"Found in cache with time: 1.8"
"Found in cache with time: 3.9739997"
"Found in cache with time: 1.8"
"Found in cache with time: 3.862"
"Found in cache with time: 1.8040001"
"Found in cache with time: 1.8"
"Found in cache with time: 1.8"
"Found in cache with time: 3.9739997"
"Found in cache with time: 1.8040001"
"Found in cache with time: 3.862"
"Found in cache with time: 1.8040001"
"Found in cache with time: 1.8"
"Found in cache with time: 1.8040001"
"Found in cache with time: 3.9739997"
"Found in cache with time: 3.9739997"
"Found in cache with time: 3.862"
"Found in cache with time: 1.8"
"Found in cache with time: 1.8"
"Found in cache with time: 1.8"
"Found in cache with time: 3.9739997"
"Found in cache with time: 1.8040001"
"Cleaning executables"
"Calculating scores"
[]
"Fastest gene: "
"Fastest time so far: 1.8 sec"
"0.0 sec faster"
"All timeout"
"46 generations left"
"Running fitness on all programs"
"Found in cache with time: -1.0"
"bash timer.sh ./files/tmp26889/./thunk 5 4s test.txt"
"Found in cache with time: -1.0"
"Found in cache with time: -1.0"
"Found in cache with time: -1.0"
"bash timer.sh ./files/tmp26893/./thunk 5 4s test.txt"
"Found in cache with time: 1.8"
"Found in cache with time: 1.8"
"Found in cache with time: 3.9739997"
"Found in cache with time: 1.8040001"
"Found in cache with time: 1.8040001"
"Found in cache with time: -1.0"
"Found in cache with time: 1.8040001"
"Found in cache with time: 1.8"
"Found in cache with time: 3.9739997"
"Found in cache with time: -1.0"
"Found in cache with time: 1.8"
"Found in cache with time: 1.8"
"Found in cache with time: 3.862"
"Found in cache with time: 3.9739997"
"Found in cache with time: 1.8"
"Found in cache with time: 3.9739997"
"Found in cache with time: 3.9739997"
"Found in cache with time: 1.8040001"
"Found in cache with time: 1.8"
"Found in cache with time: 1.8"
"Found in cache with time: 1.8"
"Found in cache with time: 1.8"
"Found in cache with time: 1.8040001"
"Found in cache with time: -1.0"
"Found in cache with time: 1.8"
"Found in cache with time: 1.8"
"Found in cache with time: 3.9739997"
"Found in cache with time: 1.8040001"
"Found in cache with time: 3.9739997"
"Found in cache with time: 1.8"
"Found in cache with time: 1.8040001"
"Found in cache with time: 1.8"
"Found in cache with time: 1.8"
"Found in cache with time: -1.0"
"Found in cache with time: 3.9739997"
"Found in cache with time: 1.8040001"
"Found in cache with time: 3.862"
"Found in cache with time: 3.862"
"Found in cache with time: 3.9739997"
"Found in cache with time: 1.8"
"Found in cache with time: 1.8040001"
"Found in cache with time: 1.8"
"Found in cache with time: 3.862"
"Found in cache with time: 1.8"
"Found in cache with time: 1.8040001"
"Found in cache with time: 1.8040001"
"Found in cache with time: 3.862"
"Found in cache with time: 3.9739997"
"Found in cache with time: 3.862"
"Found in cache with time: 3.862"
"Found in cache with time: 1.8040001"
"Found in cache with time: 3.9739997"
"Found in cache with time: 3.9739997"
"Found in cache with time: 3.9739997"
"Cleaning executables"
"Calculating scores"
[]
"Fastest gene: "
"Fastest time so far: 1.8 sec"
"0.0 sec faster"
"All timeout"
"45 generations left"
"Running fitness on all programs"
"Found in cache with time: -1.0"
"Found in cache with time: -1.0"
"Found in cache with time: -1.0"
"Found in cache with time: 1.8039999"
"Found in cache with time: 1.8039999"
"Found in cache with time: 1.7960001"
"Found in cache with time: 3.862"
"Found in cache with time: 3.862"
"Found in cache with time: 1.8"
"Found in cache with time: 1.8040001"
"Found in cache with time: 3.862"
"Found in cache with time: 3.862"
"Found in cache with time: -1.0"
"Found in cache with time: 1.798"
"Found in cache with time: 1.7759998"
"Found in cache with time: -1.0"
"Found in cache with time: 1.7759998"
"Found in cache with time: 1.7759998"
"Found in cache with time: -1.0"
"Found in cache with time: -1.0"
"Found in cache with time: 1.798"
"Found in cache with time: 1.798"
"Found in cache with time: -1.0"
"Found in cache with time: 1.798"
"Found in cache with time: 1.8040001"
"Found in cache with time: 1.8"
"Found in cache with time: 1.8"
"Found in cache with time: -1.0"
"Found in cache with time: -1.0"
"Found in cache with time: 1.8"
"Found in cache with time: 1.8"
"Found in cache with time: 3.9739997"
"Found in cache with time: -1.0"
"Found in cache with time: 1.8040001"
"Found in cache with time: 1.8040001"
"Found in cache with time: -1.0"
"Found in cache with time: 1.8040001"
"Found in cache with time: -1.0"
"Found in cache with time: 1.8040001"
"Found in cache with time: 1.8040001"
"Found in cache with time: 1.8040001"
"Found in cache with time: 3.9739997"
"Found in cache with time: 3.862"
"Found in cache with time: 1.8"
"Found in cache with time: 1.8"
"Found in cache with time: 1.8040001"
"Found in cache with time: 1.8040001"
"Found in cache with time: 1.8"
"Found in cache with time: 3.862"
"Found in cache with time: 3.9739997"
"Found in cache with time: 3.9739997"
"Found in cache with time: 1.8"
"Found in cache with time: 1.8"
"Found in cache with time: 1.8040001"
"Found in cache with time: 3.862"
"Found in cache with time: 1.8040001"
"Found in cache with time: 3.862"
"Found in cache with time: 3.862"
"Found in cache with time: 3.862"
"Found in cache with time: 1.8040001"
"Cleaning executables"
"Calculating scores"
[]
"Fastest gene: "
"Fastest time so far: 1.8 sec"
"0.0 sec faster"
"All timeout"
"44 generations left"
"Running fitness on all programs"
"Found in cache with time: 1.8"
"Found in cache with time: 1.8"
"Found in cache with time: 3.9739997"
"Found in cache with time: 1.8040001"
"Found in cache with time: 3.9739997"
"Found in cache with time: 1.8"
"Found in cache with time: 3.862"
"Found in cache with time: 3.862"
"Found in cache with time: 3.862"
"Found in cache with time: 1.8040001"
"Found in cache with time: 1.8040001"
"Found in cache with time: 1.8040001"
"Found in cache with time: 3.862"
"Found in cache with time: 1.8"
"Found in cache with time: 3.862"
"Found in cache with time: 3.862"
"Found in cache with time: 1.8040001"
"Found in cache with time: 3.862"
"Found in cache with time: 3.862"
"Found in cache with time: 3.9739997"
"Found in cache with time: 1.8040001"
"Found in cache with time: 3.862"
"Found in cache with time: 1.8"
"Found in cache with time: 1.8"
"Found in cache with time: 3.862"
"Found in cache with time: 1.8040001"
"Found in cache with time: 1.8040001"
"Found in cache with time: 3.862"
"Found in cache with time: 1.8040001"
"Found in cache with time: 1.8"
"Found in cache with time: 1.8"
"Found in cache with time: 1.8"
"Found in cache with time: 1.8"
"Found in cache with time: 1.8"
"Found in cache with time: 1.8040001"
"Found in cache with time: -1.0"
"Found in cache with time: 1.8040001"
"Found in cache with time: 1.8"
"Found in cache with time: 1.8"
"Found in cache with time: -1.0"
"Found in cache with time: 1.8"
"Found in cache with time: 3.9739997"
"Found in cache with time: 3.862"
"Found in cache with time: 1.8040001"
"Found in cache with time: 3.862"
"Found in cache with time: 3.9739997"
"Found in cache with time: 3.862"
"Found in cache with time: 3.9739997"
"Found in cache with time: 3.862"
"Found in cache with time: 3.862"
"Found in cache with time: 3.9739997"
"Found in cache with time: 1.8"
"Found in cache with time: 1.8040001"
"Found in cache with time: 1.8"
"Found in cache with time: 3.862"
"Found in cache with time: 1.8040001"
"Found in cache with time: 3.862"
"Found in cache with time: 3.9739997"
"Found in cache with time: 3.9739997"
"Found in cache with time: 3.862"
"Cleaning executables"
"Calculating scores"
[1.8,1.8,1.8]
"Fastest gene: Genes {getStrand = [path: \"files/tmp26998/./thunk\" vec: 2]}"
"Fastest time so far: 1.8 sec"
"0.0 sec faster"
"Not fast enough"
"43 generations left"
"Running fitness on all programs"
"Found in cache with time: 1.8"
"Found in cache with time: -1.0"
"Found in cache with time: 1.8"
"Found in cache with time: 1.8"
"Found in cache with time: 1.8"
"Found in cache with time: 1.8040001"
"Found in cache with time: 1.8"
"Found in cache with time: -1.0"
"Found in cache with time: -1.0"
"Found in cache with time: 1.8040001"
"Found in cache with time: 1.8"
"Found in cache with time: -1.0"
"Found in cache with time: 1.8"
"Found in cache with time: 1.8040001"
"Found in cache with time: -1.0"
"Found in cache with time: -1.0"
"Found in cache with time: -1.0"
"Found in cache with time: 3.9739997"
"Found in cache with time: 1.8"
"Found in cache with time: 3.9739997"
"Found in cache with time: 1.8"
"Found in cache with time: -1.0"
"Found in cache with time: 1.8"
"Found in cache with time: -1.0"
"Found in cache with time: 1.8"
"Found in cache with time: 3.9739997"
"Found in cache with time: -1.0"
"Found in cache with time: -1.0"
"Found in cache with time: 1.8040001"
"Found in cache with time: 3.9739997"
"Found in cache with time: 1.8"
"Found in cache with time: 1.8"
"Found in cache with time: 1.8"
"Found in cache with time: 1.8"
"Found in cache with time: -1.0"
"Found in cache with time: -1.0"
"Found in cache with time: 1.8"
"Found in cache with time: -1.0"
"Found in cache with time: -1.0"
"Found in cache with time: 1.8040001"
"Found in cache with time: 1.8040001"
"Found in cache with time: 1.8040001"
"Found in cache with time: 1.8"
"Found in cache with time: 3.9739997"
"Found in cache with time: 3.9739997"
"Found in cache with time: 3.9739997"
"Found in cache with time: 1.8"
"Found in cache with time: -1.0"
"Cleaning executables"
"Calculating scores"
[]
"Fastest gene: "
"Fastest time so far: 1.8 sec"
"0.0 sec faster"
"All timeout"
"42 generations left"
"Running fitness on all programs"
"Found in cache with time: 1.8"
"Found in cache with time: 1.8040001"
"Found in cache with time: 1.8"
"Found in cache with time: 3.9739997"
"Found in cache with time: 1.8040001"
"Found in cache with time: 1.8"
"Found in cache with time: 1.8"
"Found in cache with time: 1.8040001"
"Found in cache with time: -1.0"
"Found in cache with time: 1.8"
"Found in cache with time: 1.8"
"Found in cache with time: 1.8"
"Found in cache with time: 1.8"
"Found in cache with time: 1.8"
"Found in cache with time: -1.0"
"Found in cache with time: 1.8040001"
"Found in cache with time: 3.9739997"
"Found in cache with time: 3.9739997"
"Found in cache with time: 1.8"
"Found in cache with time: 1.8040001"
"Found in cache with time: 1.8"
"Found in cache with time: 1.8"
"Found in cache with time: 1.8040001"
"Found in cache with time: 1.8040001"
"Found in cache with time: 1.8"
"Found in cache with time: 3.9739997"
"Found in cache with time: 1.8040001"
"Found in cache with time: 1.8040001"
"Found in cache with time: -1.0"
"Found in cache with time: 1.8040001"
"Found in cache with time: 1.8"
"Found in cache with time: -1.0"
"Found in cache with time: 1.8"
"Found in cache with time: 1.8"
"Found in cache with time: 1.8"
"Found in cache with time: 1.8"
"Found in cache with time: 1.8"
"Found in cache with time: -1.0"
"Found in cache with time: 1.8"
"Found in cache with time: 1.8040001"
"Found in cache with time: 1.8"
"Found in cache with time: 1.8"
"Found in cache with time: 1.8"
"Found in cache with time: 3.9739997"
"Found in cache with time: 3.9739997"
"Found in cache with time: -1.0"
"Found in cache with time: 3.9739997"
"Found in cache with time: 3.9739997"
"Cleaning executables"
"Calculating scores"
[]
"Fastest gene: "
"Fastest time so far: 1.8 sec"
"0.0 sec faster"
"All timeout"
"41 generations left"
"Running fitness on all programs"
"Found in cache with time: 1.8"
"Found in cache with time: 1.8040001"
"Found in cache with time: 1.8040001"
"Found in cache with time: 1.8040001"
"Found in cache with time: 1.8"
"Found in cache with time: 1.8040001"
"Found in cache with time: 1.8"
"Found in cache with time: 1.8"
"Found in cache with time: 1.8"
"Found in cache with time: 1.8"
"Found in cache with time: 3.9739997"
"Found in cache with time: 1.8"
"Found in cache with time: 1.8"
"Found in cache with time: 1.8"
"Found in cache with time: -1.0"
"Found in cache with time: 1.8040001"
"Found in cache with time: 1.8"
"Found in cache with time: 1.8040001"
"Found in cache with time: 1.8"
"Found in cache with time: 1.8"
"Found in cache with time: 1.8"
"Found in cache with time: 1.8040001"
"Found in cache with time: 1.8040001"
"Found in cache with time: 3.9739997"
"Found in cache with time: 1.8"
"Found in cache with time: -1.0"
"Found in cache with time: 1.8"
"Found in cache with time: 1.8040001"
"Found in cache with time: 1.8040001"
"Found in cache with time: 1.8"
"Found in cache with time: 1.8"
"Found in cache with time: -1.0"
"Found in cache with time: 1.8"
"Found in cache with time: 1.8"
"Found in cache with time: 3.9739997"
"Found in cache with time: 1.8"
"Found in cache with time: 1.8"
"Found in cache with time: 3.9739997"
"Found in cache with time: 1.8"
"Found in cache with time: 1.8"
"Found in cache with time: -1.0"
"Found in cache with time: 1.8"
"Found in cache with time: 1.8"
"Found in cache with time: 1.8040001"
"Found in cache with time: 1.8040001"
"Found in cache with time: 1.8040001"
"Found in cache with time: 1.8"
"Found in cache with time: 3.9739997"
"Cleaning executables"
"Calculating scores"
[1.8]
"Fastest gene: Genes {getStrand = [path: \"files/tmp27143/./thunk\" vec: 2]}"
"Fastest time so far: 1.8 sec"
"0.0 sec faster"
"Not fast enough"
Genes {getStrand = [path: "files/tmp27143/./thunk" vec: 2]}
"Best found: [path: \"files/tmp27143/./thunk\" vec: 2]"
