Configuring cpphs-1.19...
Building cpphs-1.19...
Preprocessing library cpphs-1.19...
[ 1 of 11] Compiling Language.Preprocessor.Cpphs.HashDefine ( Language/Preprocessor/Cpphs/HashDefine.hs, dist/dist-sandbox-e81935e0/build/Language/Preprocessor/Cpphs/HashDefine.o )
[ 2 of 11] Compiling Language.Preprocessor.Cpphs.SymTab ( Language/Preprocessor/Cpphs/SymTab.hs, dist/dist-sandbox-e81935e0/build/Language/Preprocessor/Cpphs/SymTab.o )
[ 3 of 11] Compiling Language.Preprocessor.Unlit ( Language/Preprocessor/Unlit.hs, dist/dist-sandbox-e81935e0/build/Language/Preprocessor/Unlit.o )
[ 4 of 11] Compiling Language.Preprocessor.Cpphs.Options ( Language/Preprocessor/Cpphs/Options.hs, dist/dist-sandbox-e81935e0/build/Language/Preprocessor/Cpphs/Options.o )
[ 5 of 11] Compiling Language.Preprocessor.Cpphs.Position ( Language/Preprocessor/Cpphs/Position.hs, dist/dist-sandbox-e81935e0/build/Language/Preprocessor/Cpphs/Position.o )
[ 6 of 11] Compiling Language.Preprocessor.Cpphs.Tokenise ( Language/Preprocessor/Cpphs/Tokenise.hs, dist/dist-sandbox-e81935e0/build/Language/Preprocessor/Cpphs/Tokenise.o )
[ 7 of 11] Compiling Language.Preprocessor.Cpphs.MacroPass ( Language/Preprocessor/Cpphs/MacroPass.hs, dist/dist-sandbox-e81935e0/build/Language/Preprocessor/Cpphs/MacroPass.o )
[ 8 of 11] Compiling Language.Preprocessor.Cpphs.ReadFirst ( Language/Preprocessor/Cpphs/ReadFirst.hs, dist/dist-sandbox-e81935e0/build/Language/Preprocessor/Cpphs/ReadFirst.o )
[ 9 of 11] Compiling Language.Preprocessor.Cpphs.CppIfdef ( Language/Preprocessor/Cpphs/CppIfdef.hs, dist/dist-sandbox-e81935e0/build/Language/Preprocessor/Cpphs/CppIfdef.o )
[10 of 11] Compiling Language.Preprocessor.Cpphs.RunCpphs ( Language/Preprocessor/Cpphs/RunCpphs.hs, dist/dist-sandbox-e81935e0/build/Language/Preprocessor/Cpphs/RunCpphs.o )
[11 of 11] Compiling Language.Preprocessor.Cpphs ( Language/Preprocessor/Cpphs.hs, dist/dist-sandbox-e81935e0/build/Language/Preprocessor/Cpphs.o )
In-place registering cpphs-1.19...
Preprocessing executable 'cpphs' for cpphs-1.19...
[ 1 of 12] Compiling Language.Preprocessor.Cpphs.SymTab ( Language/Preprocessor/Cpphs/SymTab.hs, dist/dist-sandbox-e81935e0/build/cpphs/cpphs-tmp/Language/Preprocessor/Cpphs/SymTab.o )
[ 2 of 12] Compiling Language.Preprocessor.Cpphs.Position ( Language/Preprocessor/Cpphs/Position.hs, dist/dist-sandbox-e81935e0/build/cpphs/cpphs-tmp/Language/Preprocessor/Cpphs/Position.o )
[ 3 of 12] Compiling Language.Preprocessor.Cpphs.ReadFirst ( Language/Preprocessor/Cpphs/ReadFirst.hs, dist/dist-sandbox-e81935e0/build/cpphs/cpphs-tmp/Language/Preprocessor/Cpphs/ReadFirst.o )
[ 4 of 12] Compiling Language.Preprocessor.Cpphs.Options ( Language/Preprocessor/Cpphs/Options.hs, dist/dist-sandbox-e81935e0/build/cpphs/cpphs-tmp/Language/Preprocessor/Cpphs/Options.o )
[ 5 of 12] Compiling Language.Preprocessor.Cpphs.HashDefine ( Language/Preprocessor/Cpphs/HashDefine.hs, dist/dist-sandbox-e81935e0/build/cpphs/cpphs-tmp/Language/Preprocessor/Cpphs/HashDefine.o )
[ 6 of 12] Compiling Language.Preprocessor.Cpphs.Tokenise ( Language/Preprocessor/Cpphs/Tokenise.hs, dist/dist-sandbox-e81935e0/build/cpphs/cpphs-tmp/Language/Preprocessor/Cpphs/Tokenise.o )
[ 7 of 12] Compiling Language.Preprocessor.Cpphs.MacroPass ( Language/Preprocessor/Cpphs/MacroPass.hs, dist/dist-sandbox-e81935e0/build/cpphs/cpphs-tmp/Language/Preprocessor/Cpphs/MacroPass.o )
[ 8 of 12] Compiling Language.Preprocessor.Cpphs.CppIfdef ( Language/Preprocessor/Cpphs/CppIfdef.hs, dist/dist-sandbox-e81935e0/build/cpphs/cpphs-tmp/Language/Preprocessor/Cpphs/CppIfdef.o )
[ 9 of 12] Compiling Language.Preprocessor.Unlit ( Language/Preprocessor/Unlit.hs, dist/dist-sandbox-e81935e0/build/cpphs/cpphs-tmp/Language/Preprocessor/Unlit.o )
[10 of 12] Compiling Language.Preprocessor.Cpphs.RunCpphs ( Language/Preprocessor/Cpphs/RunCpphs.hs, dist/dist-sandbox-e81935e0/build/cpphs/cpphs-tmp/Language/Preprocessor/Cpphs/RunCpphs.o )
[11 of 12] Compiling Language.Preprocessor.Cpphs ( Language/Preprocessor/Cpphs.hs, dist/dist-sandbox-e81935e0/build/cpphs/cpphs-tmp/Language/Preprocessor/Cpphs.o )
[12 of 12] Compiling Main             ( cpphs.hs, dist/dist-sandbox-e81935e0/build/cpphs/cpphs-tmp/Main.o )
Linking dist/dist-sandbox-e81935e0/build/cpphs/cpphs ...
Creating package registration file: /tmp/pkgConf-cpphs-112172.19
Installing library in
/home/remy/comp150-FP/.cabal-sandbox/lib/x86_64-linux-ghc-7.8.3/cpphs-1.19
Installing executable(s) in /home/remy/comp150-FP/.cabal-sandbox/bin
Registering cpphs-1.19...
