Configuring haskell-src-exts-1.16.0.1...
Building haskell-src-exts-1.16.0.1...
Preprocessing library haskell-src-exts-1.16.0.1...
[ 1 of 22] Compiling Language.Haskell.Exts.Annotated.Syntax ( src/Language/Haskell/Exts/Annotated/Syntax.hs, dist/dist-sandbox-eb15dc0b/build/Language/Haskell/Exts/Annotated/Syntax.o )
[ 2 of 22] Compiling Language.Haskell.Exts.ParseSyntax ( src/Language/Haskell/Exts/ParseSyntax.hs, dist/dist-sandbox-eb15dc0b/build/Language/Haskell/Exts/ParseSyntax.o )
[ 3 of 22] Compiling Language.Haskell.Exts.Annotated.Build ( src/Language/Haskell/Exts/Annotated/Build.hs, dist/dist-sandbox-eb15dc0b/build/Language/Haskell/Exts/Annotated/Build.o )
[ 4 of 22] Compiling Language.Haskell.Exts.SrcLoc ( src/Language/Haskell/Exts/SrcLoc.hs, dist/dist-sandbox-eb15dc0b/build/Language/Haskell/Exts/SrcLoc.o )
[ 5 of 22] Compiling Language.Haskell.Exts.Comments ( src/Language/Haskell/Exts/Comments.hs, dist/dist-sandbox-eb15dc0b/build/Language/Haskell/Exts/Comments.o )
[ 6 of 22] Compiling Language.Haskell.Exts.Annotated.ExactPrint ( src/Language/Haskell/Exts/Annotated/ExactPrint.hs, dist/dist-sandbox-eb15dc0b/build/Language/Haskell/Exts/Annotated/ExactPrint.o )
[ 7 of 22] Compiling Language.Haskell.Exts.Extension ( src/Language/Haskell/Exts/Extension.hs, dist/dist-sandbox-eb15dc0b/build/Language/Haskell/Exts/Extension.o )
[ 8 of 22] Compiling Language.Haskell.Exts.ExtScheme ( src/Language/Haskell/Exts/ExtScheme.hs, dist/dist-sandbox-eb15dc0b/build/Language/Haskell/Exts/ExtScheme.o )
[ 9 of 22] Compiling Language.Haskell.Exts.Syntax ( src/Language/Haskell/Exts/Syntax.hs, dist/dist-sandbox-eb15dc0b/build/Language/Haskell/Exts/Syntax.o )
[10 of 22] Compiling Language.Haskell.Exts.Build ( src/Language/Haskell/Exts/Build.hs, dist/dist-sandbox-eb15dc0b/build/Language/Haskell/Exts/Build.o )
[11 of 22] Compiling Language.Haskell.Exts.Fixity ( src/Language/Haskell/Exts/Fixity.hs, dist/dist-sandbox-eb15dc0b/build/Language/Haskell/Exts/Fixity.o )
[12 of 22] Compiling Language.Haskell.Exts.ParseMonad ( src/Language/Haskell/Exts/ParseMonad.hs, dist/dist-sandbox-eb15dc0b/build/Language/Haskell/Exts/ParseMonad.o )
[13 of 22] Compiling Language.Haskell.Exts.InternalLexer ( src/Language/Haskell/Exts/InternalLexer.hs, dist/dist-sandbox-eb15dc0b/build/Language/Haskell/Exts/InternalLexer.o )
[14 of 22] Compiling Language.Haskell.Exts.Lexer ( src/Language/Haskell/Exts/Lexer.hs, dist/dist-sandbox-eb15dc0b/build/Language/Haskell/Exts/Lexer.o )
[15 of 22] Compiling Language.Haskell.Exts.Annotated.Simplify ( src/Language/Haskell/Exts/Annotated/Simplify.hs, dist/dist-sandbox-eb15dc0b/build/Language/Haskell/Exts/Annotated/Simplify.o )
[16 of 22] Compiling Language.Haskell.Exts.Pretty ( src/Language/Haskell/Exts/Pretty.hs, dist/dist-sandbox-eb15dc0b/build/Language/Haskell/Exts/Pretty.o )
[17 of 22] Compiling Language.Haskell.Exts.ParseUtils ( src/Language/Haskell/Exts/ParseUtils.hs, dist/dist-sandbox-eb15dc0b/build/Language/Haskell/Exts/ParseUtils.o )
[18 of 22] Compiling Language.Haskell.Exts.Annotated.Fixity ( src/Language/Haskell/Exts/Annotated/Fixity.hs, dist/dist-sandbox-eb15dc0b/build/Language/Haskell/Exts/Annotated/Fixity.o )
[19 of 22] Compiling Language.Haskell.Exts.InternalParser ( dist/dist-sandbox-eb15dc0b/build/Language/Haskell/Exts/InternalParser.hs, dist/dist-sandbox-eb15dc0b/build/Language/Haskell/Exts/InternalParser.o )
[20 of 22] Compiling Language.Haskell.Exts.Parser ( src/Language/Haskell/Exts/Parser.hs, dist/dist-sandbox-eb15dc0b/build/Language/Haskell/Exts/Parser.o )
[21 of 22] Compiling Language.Haskell.Exts.Annotated ( src/Language/Haskell/Exts/Annotated.hs, dist/dist-sandbox-eb15dc0b/build/Language/Haskell/Exts/Annotated.o )
[22 of 22] Compiling Language.Haskell.Exts ( src/Language/Haskell/Exts.hs, dist/dist-sandbox-eb15dc0b/build/Language/Haskell/Exts.o )
In-place registering haskell-src-exts-1.16.0.1...
Creating package registration file:
/tmp/pkgConf-haskell-src-exts-1.16.030190.1
Installing library in
/h/ywang30/hsk/comp150-FP/.cabal-sandbox/lib/x86_64-linux-ghc-7.8.3/haskell-src-exts-1.16.0.1
Registering haskell-src-exts-1.16.0.1...
