Configuring polyparse-1.11...
Building polyparse-1.11...
Preprocessing library polyparse-1.11...
[ 1 of 18] Compiling Text.ParserCombinators.Poly.Result ( src/Text/ParserCombinators/Poly/Result.hs, dist/dist-sandbox-eb15dc0b/build/Text/ParserCombinators/Poly/Result.o )
[ 2 of 18] Compiling Text.ParserCombinators.Poly.Base ( src/Text/ParserCombinators/Poly/Base.hs, dist/dist-sandbox-eb15dc0b/build/Text/ParserCombinators/Poly/Base.o )
[ 3 of 18] Compiling Text.ParserCombinators.Poly.Parser ( src/Text/ParserCombinators/Poly/Parser.hs, dist/dist-sandbox-eb15dc0b/build/Text/ParserCombinators/Poly/Parser.o )
[ 4 of 18] Compiling Text.ParserCombinators.Poly.Lazy ( src/Text/ParserCombinators/Poly/Lazy.hs, dist/dist-sandbox-eb15dc0b/build/Text/ParserCombinators/Poly/Lazy.o )
[ 5 of 18] Compiling Text.ParserCombinators.Poly.StateParser ( src/Text/ParserCombinators/Poly/StateParser.hs, dist/dist-sandbox-eb15dc0b/build/Text/ParserCombinators/Poly/StateParser.o )
[ 6 of 18] Compiling Text.ParserCombinators.Poly.State ( src/Text/ParserCombinators/Poly/State.hs, dist/dist-sandbox-eb15dc0b/build/Text/ParserCombinators/Poly/State.o )
[ 7 of 18] Compiling Text.ParserCombinators.Poly.StateLazy ( src/Text/ParserCombinators/Poly/StateLazy.hs, dist/dist-sandbox-eb15dc0b/build/Text/ParserCombinators/Poly/StateLazy.o )
[ 8 of 18] Compiling Text.ParserCombinators.Poly.Lex ( src/Text/ParserCombinators/Poly/Lex.hs, dist/dist-sandbox-eb15dc0b/build/Text/ParserCombinators/Poly/Lex.o )
[ 9 of 18] Compiling Text.ParserCombinators.Poly.ByteString ( src/Text/ParserCombinators/Poly/ByteString.hs, dist/dist-sandbox-eb15dc0b/build/Text/ParserCombinators/Poly/ByteString.o )
[10 of 18] Compiling Text.ParserCombinators.Poly.ByteStringChar ( src/Text/ParserCombinators/Poly/ByteStringChar.hs, dist/dist-sandbox-eb15dc0b/build/Text/ParserCombinators/Poly/ByteStringChar.o )
[11 of 18] Compiling Text.Parse.ByteString ( src/Text/Parse/ByteString.hs, dist/dist-sandbox-eb15dc0b/build/Text/Parse/ByteString.o )
[12 of 18] Compiling Text.ParserCombinators.Poly.Text ( src/Text/ParserCombinators/Poly/Text.hs, dist/dist-sandbox-eb15dc0b/build/Text/ParserCombinators/Poly/Text.o )
[13 of 18] Compiling Text.ParserCombinators.Poly.StateText ( src/Text/ParserCombinators/Poly/StateText.hs, dist/dist-sandbox-eb15dc0b/build/Text/ParserCombinators/Poly/StateText.o )
[14 of 18] Compiling Text.ParserCombinators.Poly.Plain ( src/Text/ParserCombinators/Poly/Plain.hs, dist/dist-sandbox-eb15dc0b/build/Text/ParserCombinators/Poly/Plain.o )
[15 of 18] Compiling Text.ParserCombinators.Poly ( src/Text/ParserCombinators/Poly.hs, dist/dist-sandbox-eb15dc0b/build/Text/ParserCombinators/Poly.o )
[16 of 18] Compiling Text.Parse       ( src/Text/Parse.hs, dist/dist-sandbox-eb15dc0b/build/Text/Parse.o )
[17 of 18] Compiling Text.ParserCombinators.HuttonMeijerWallace ( src/Text/ParserCombinators/HuttonMeijerWallace.hs, dist/dist-sandbox-eb15dc0b/build/Text/ParserCombinators/HuttonMeijerWallace.o )
[18 of 18] Compiling Text.ParserCombinators.HuttonMeijer ( src/Text/ParserCombinators/HuttonMeijer.hs, dist/dist-sandbox-eb15dc0b/build/Text/ParserCombinators/HuttonMeijer.o )
In-place registering polyparse-1.11...
Creating package registration file: /tmp/pkgConf-polyparse-130190.11
Installing library in
/h/ywang30/hsk/comp150-FP/.cabal-sandbox/lib/x86_64-linux-ghc-7.8.3/polyparse-1.11
Registering polyparse-1.11...
